TN:
SF:src\modules\appointments\services\CreateAppointmentService.ts
FN:15,(anonymous_18)
FN:16,CreateAppointmentService
FN:21,(anonymous_20)
FNF:3
FNH:3
FNDA:1,(anonymous_18)
FNDA:2,CreateAppointmentService
FNDA:3,(anonymous_20)
DA:1,1
DA:2,1
DA:3,1
DA:5,1
DA:15,1
DA:18,2
DA:21,3
DA:22,3
DA:24,3
DA:28,3
DA:29,0
DA:32,3
DA:37,3
DA:39,1
DA:41,1
LF:15
LH:14
BRDA:28,0,0,0
BRDA:28,0,1,3
BRF:2
BRH:1
end_of_record
TN:
SF:src\modules\users\services\AuthenticateUserService.ts
FN:15,(anonymous_18)
FN:16,AuthenticateUserService
FN:21,(anonymous_20)
FNF:3
FNH:3
FNDA:1,(anonymous_18)
FNDA:1,AuthenticateUserService
FNDA:1,(anonymous_20)
DA:1,1
DA:2,1
DA:3,1
DA:4,1
DA:15,1
DA:17,1
DA:18,1
DA:21,1
DA:22,1
DA:23,1
DA:25,1
DA:27,1
DA:28,1
DA:31,0
DA:36,0
DA:37,0
DA:41,0
DA:44,0
DA:49,0
DA:54,1
DA:56,1
LF:21
LH:15
BRDA:25,0,0,1
BRDA:27,1,0,1
BRDA:27,1,1,0
BRDA:36,2,0,0
BRDA:36,2,1,0
BRF:5
BRH:2
end_of_record
TN:
SF:src\modules\users\services\CreateUserService.ts
FN:14,(anonymous_18)
FN:15,CreateuserService
FN:23,(anonymous_20)
FNF:3
FNH:3
FNDA:1,(anonymous_18)
FNDA:2,CreateuserService
FNDA:3,(anonymous_20)
DA:1,1
DA:2,1
DA:14,1
DA:17,2
DA:20,2
DA:23,3
DA:24,3
DA:26,3
DA:27,0
DA:30,3
DA:32,3
DA:38,3
DA:40,1
DA:42,1
LF:14
LH:13
BRDA:24,0,0,3
BRDA:26,1,0,0
BRDA:26,1,1,3
BRF:3
BRH:2
end_of_record
TN:
SF:src\modules\users\services\UploadUserAvatarService.ts
FN:13,(anonymous_18)
FN:14,UpdateUserAvatarService
FN:19,(anonymous_20)
FNF:3
FNH:3
FNDA:1,(anonymous_18)
FNDA:3,UpdateUserAvatarService
FNDA:4,(anonymous_20)
DA:1,1
DA:2,1
DA:13,1
DA:15,3
DA:16,3
DA:19,4
DA:20,4
DA:22,4
DA:23,1
DA:26,5
DA:27,2
DA:30,3
DA:32,3
DA:34,6
DA:36,3
DA:38,1
DA:40,1
LF:17
LH:17
BRDA:20,0,0,4
BRDA:20,0,1,3
BRDA:22,1,0,1
BRDA:22,1,1,3
BRDA:26,2,0,2
BRDA:26,2,1,1
BRF:6
BRH:6
end_of_record
